\BOOKMARK [0][-]{dummy.1}{\376\377\000A\000b\000s\000t\000r\000a\000c\000t}{}% 1
\BOOKMARK [0][-]{dummy.2}{\376\377\000A\000c\000k\000n\000o\000w\000l\000e\000d\000g\000e\000m\000e\000n\000t\000s}{}% 2
\BOOKMARK [0][-]{dummy.3}{\376\377\000C\000o\000n\000t\000e\000n\000t\000s}{}% 3
\BOOKMARK [0][-]{dummy.5}{\376\377\000L\000i\000s\000t\000\040\000o\000f\000\040\000F\000i\000g\000u\000r\000e\000s}{}% 4
\BOOKMARK [0][-]{dummy.8}{\376\377\000L\000i\000s\000t\000\040\000o\000f\000\040\000T\000a\000b\000l\000e\000s}{}% 5
\BOOKMARK [0][-]{dummy.10}{\376\377\000A\000b\000b\000r\000e\000v\000i\000a\000t\000i\000o\000n\000s}{}% 6
\BOOKMARK [0][-]{dummy.13}{\376\377\000P\000h\000y\000s\000i\000c\000a\000l\000\040\000C\000o\000n\000s\000t\000a\000n\000t\000s}{}% 7
\BOOKMARK [0][-]{chapter.16}{\376\377\0001\000\040\000I\000n\000t\000r\000o\000d\000u\000c\000t\000i\000o\000n\000\040\000t\000o\000\040\000t\000h\000e\000\040\000S\000t\000a\000n\000d\000a\000r\000d\000\040\000M\000o\000d\000e\000l}{}% 8
\BOOKMARK [1][-]{section.21}{\376\377\0001\000.\0001\000\040\000E\000l\000e\000c\000t\000r\000o\000w\000e\000a\000k\000\040\000P\000h\000y\000s\000i\000c\000s}{chapter.16}% 9
\BOOKMARK [0][-]{chapter.23}{\376\377\0002\000\040\000T\000h\000e\000o\000r\000e\000t\000i\000c\000a\000l\000\040\000B\000a\000s\000i\000s\000\040\000f\000o\000r\000\040\000t\000h\000e\000\040\000Q\000w\000e\000a\000k\000\040\000E\000x\000p\000e\000r\000i\000m\000e\000n\000t}{}% 10
\BOOKMARK [1][-]{section.24}{\376\377\0002\000.\0001\000\040\000A\000\040\000P\000e\000e\000k\000\040\000a\000t\000\040\000E\000l\000e\000c\000t\000r\000o\000w\000e\000a\000k\000\040\000T\000h\000e\000o\000r\000y}{chapter.23}% 11
\BOOKMARK [1][-]{section.35}{\376\377\0002\000.\0002\000\040\000F\000u\000n\000d\000a\000m\000e\000n\000t\000a\000l\000s\000\040\000o\000f\000\040\000E\000l\000e\000c\000t\000r\000o\000n\000\040\000S\000c\000a\000t\000t\000e\000r\000i\000n\000g}{chapter.23}% 12
\BOOKMARK [1][-]{section.51}{\376\377\0002\000.\0003\000\040\000A\000c\000c\000e\000s\000s\000i\000n\000g\000\040\000t\000h\000e\000\040\000W\000e\000a\000k\000\040\000S\000e\000c\000t\000o\000r\000\040\000v\000i\000a\000\040\000P\000a\000r\000i\000t\000y\000\040\000V\000i\000o\000l\000a\000t\000i\000o\000n}{chapter.23}% 13
\BOOKMARK [1][-]{section.60}{\376\377\0002\000.\0004\000\040\000R\000a\000d\000i\000a\000t\000i\000v\000e\000\040\000C\000o\000r\000r\000e\000c\000t\000i\000o\000n\000s\000\040\000f\000o\000r\000\040\000t\000h\000e\000\040\000Q\000w\000e\000a\000k\000\040\000E\000x\000p\000e\000r\000i\000m\000e\000n\000t}{chapter.23}% 14
\BOOKMARK [2][-]{subsection.61}{\376\377\0002\000.\0004\000.\0001\000\040\000E\000l\000e\000c\000t\000r\000o\000m\000a\000g\000n\000e\000t\000i\000c\000\040\000C\000o\000r\000r\000e\000c\000t\000i\000o\000n\000s}{section.60}% 15
\BOOKMARK [2][-]{subsection.65}{\376\377\0002\000.\0004\000.\0002\000\040\000E\000l\000e\000c\000t\000r\000o\000w\000e\000a\000k\000\040\000C\000o\000r\000r\000e\000c\000t\000i\000o\000n\000s}{section.60}% 16
\BOOKMARK [0][-]{chapter.72}{\376\377\0003\000\040\000I\000n\000s\000t\000r\000u\000m\000e\000n\000t\000a\000t\000i\000o\000n\000\040\000a\000n\000d\000\040\000O\000p\000e\000r\000a\000t\000i\000o\000n\000\040\000o\000f\000\040\000t\000h\000e\000\040\000Q\000w\000e\000a\000k\000\040\000E\000x\000p\000e\000r\000i\000m\000e\000n\000t}{}% 17
\BOOKMARK [1][-]{section.74}{\376\377\0003\000.\0001\000\040\000E\000x\000p\000e\000r\000i\000m\000e\000n\000t\000a\000l\000\040\000O\000v\000e\000r\000v\000i\000e\000w}{chapter.72}% 18
\BOOKMARK [1][-]{section.78}{\376\377\0003\000.\0002\000\040\000P\000o\000l\000a\000r\000i\000z\000e\000d\000\040\000E\000l\000e\000c\000t\000r\000o\000n\000\040\000S\000o\000u\000r\000c\000e\000\040\000a\000n\000d\000\040\000I\000n\000j\000e\000c\000t\000o\000r}{chapter.72}% 19
\BOOKMARK [1][-]{section.84}{\376\377\0003\000.\0003\000\040\000B\000e\000a\000m\000\040\000T\000r\000a\000n\000s\000p\000o\000r\000t\000\040\000a\000n\000d\000\040\000M\000o\000n\000i\000t\000o\000r\000i\000n\000g}{chapter.72}% 20
\BOOKMARK [1][-]{section.91}{\376\377\0003\000.\0004\000\040\000P\000o\000l\000a\000r\000i\000m\000e\000t\000r\000y}{chapter.72}% 21
\BOOKMARK [2][-]{subsection.92}{\376\377\0003\000.\0004\000.\0001\000\040\000M\000\370\000l\000l\000e\000r\000\040\000P\000o\000l\000a\000r\000i\000m\000e\000t\000e\000r}{section.91}% 22
\BOOKMARK [2][-]{subsection.98}{\376\377\0003\000.\0004\000.\0002\000\040\000C\000o\000m\000p\000t\000o\000n\000\040\000P\000o\000l\000a\000r\000i\000m\000e\000t\000e\000r}{section.91}% 23
\BOOKMARK [1][-]{section.113}{\376\377\0003\000.\0005\000\040\000T\000a\000r\000g\000e\000t}{chapter.72}% 24
\BOOKMARK [1][-]{section.117}{\376\377\0003\000.\0006\000\040\000C\000o\000l\000l\000i\000m\000a\000t\000i\000o\000n\000\040\000a\000n\000d\000\040\000S\000h\000i\000e\000l\000d\000i\000n\000g}{chapter.72}% 25
\BOOKMARK [1][-]{section.120}{\376\377\0003\000.\0007\000\040\000Q\000T\000O\000R\000\040\000S\000p\000e\000c\000t\000r\000o\000m\000e\000t\000e\000r}{chapter.72}% 26
\BOOKMARK [1][-]{section.121}{\376\377\0003\000.\0008\000\040\000M\000a\000i\000n\000\040\000D\000e\000t\000e\000c\000t\000o\000r\000\040\000S\000y\000s\000t\000e\000m}{chapter.72}% 27
\BOOKMARK [1][-]{section.126}{\376\377\0003\000.\0009\000\040\000A\000u\000x\000i\000l\000i\000a\000r\000y\000\040\000D\000e\000t\000e\000c\000t\000o\000r\000s}{chapter.72}% 28
\BOOKMARK [2][-]{subsection.128}{\376\377\0003\000.\0009\000.\0001\000\040\000B\000a\000c\000k\000g\000r\000o\000u\000n\000d\000\040\000D\000e\000t\000e\000c\000t\000o\000r\000s}{section.126}% 29
\BOOKMARK [2][-]{subsection.130}{\376\377\0003\000.\0009\000.\0002\000\040\000F\000o\000c\000a\000l\000\040\000P\000l\000a\000n\000e\000\040\000S\000c\000a\000n\000n\000e\000r}{section.126}% 30
\BOOKMARK [2][-]{subsection.132}{\376\377\0003\000.\0009\000.\0003\000\040\000U\000p\000s\000t\000r\000e\000a\000m\000\040\000L\000u\000m\000i\000n\000o\000s\000i\000t\000y\000\040\000M\000o\000n\000i\000t\000o\000r\000s}{section.126}% 31
\BOOKMARK [2][-]{subsection.135}{\376\377\0003\000.\0009\000.\0004\000\040\000D\000o\000w\000n\000s\000t\000r\000e\000a\000m\000\040\000L\000u\000m\000i\000n\000o\000s\000i\000t\000y\000\040\000M\000o\000n\000i\000t\000o\000r\000s}{section.126}% 32
\BOOKMARK [1][-]{section.137}{\376\377\0003\000.\0001\0000\000\040\000T\000r\000a\000c\000k\000i\000n\000g\000\040\000S\000y\000s\000t\000e\000m}{chapter.72}% 33
\BOOKMARK [0][-]{chapter.144}{\376\377\0004\000\040\000B\000e\000a\000m\000\040\000C\000o\000r\000r\000e\000c\000t\000i\000o\000n\000s}{}% 34
\BOOKMARK [1][-]{section.145}{\376\377\0004\000.\0001\000\040\000H\000e\000l\000i\000c\000i\000t\000y\000-\000C\000o\000r\000r\000e\000l\000a\000t\000e\000d\000\040\000F\000a\000l\000s\000e\000\040\000A\000s\000y\000m\000m\000e\000t\000r\000i\000e\000s}{chapter.144}% 35
\BOOKMARK [2][-]{subsection.146}{\376\377\0004\000.\0001\000.\0001\000\040\000M\000i\000n\000i\000m\000i\000z\000i\000n\000g\000\040\000F\000a\000l\000s\000e\000\040\000A\000s\000y\000m\000m\000e\000t\000r\000i\000e\000s}{section.145}% 36
\BOOKMARK [2][-]{subsection.149}{\376\377\0004\000.\0001\000.\0002\000\040\000C\000a\000n\000c\000e\000l\000l\000i\000n\000g\000\040\000F\000a\000l\000s\000e\000\040\000A\000s\000y\000m\000m\000e\000t\000r\000i\000e\000s}{section.145}% 37
\BOOKMARK [2][-]{subsection.150}{\376\377\0004\000.\0001\000.\0003\000\040\000C\000o\000r\000r\000e\000c\000t\000i\000n\000g\000\040\000f\000o\000r\000\040\000F\000a\000l\000s\000e\000\040\000A\000s\000y\000m\000m\000e\000t\000r\000i\000e\000s}{section.145}% 38
\BOOKMARK [1][-]{section.152}{\376\377\0004\000.\0002\000\040\000L\000i\000n\000e\000a\000r\000\040\000R\000e\000g\000r\000e\000s\000s\000i\000o\000n\000\040\000t\000o\000\040\000R\000e\000m\000o\000v\000e\000\040\000H\000e\000l\000i\000c\000i\000t\000y\000-\000C\000o\000r\000r\000e\000l\000a\000t\000e\000d\000\040\000F\000a\000l\000s\000e\000\040\000A\000s\000y\000m\000m\000e\000t\000r\000i\000e\000s}{chapter.144}% 39
\BOOKMARK [2][-]{subsection.162}{\376\377\0004\000.\0002\000.\0001\000\040\000B\000i\000a\000s\000\040\000i\000n\000\040\000M\000u\000l\000t\000i\000v\000a\000r\000i\000a\000t\000e\000\040\000L\000i\000n\000e\000a\000r\000\040\000R\000e\000g\000r\000e\000s\000s\000i\000o\000n}{section.152}% 40
\BOOKMARK [1][-]{section.166}{\376\377\0004\000.\0003\000\040\000B\000e\000a\000m\000\040\000M\000o\000d\000u\000l\000a\000t\000i\000o\000n\000\040\000t\000o\000\040\000R\000e\000m\000o\000v\000e\000\040\000H\000e\000l\000i\000c\000i\000t\000y\000-\000C\000o\000r\000r\000e\000l\000a\000t\000e\000d\000\040\000F\000a\000l\000s\000e\000\040\000A\000s\000y\000m\000m\000e\000t\000r\000i\000e\000s}{chapter.144}% 41
\BOOKMARK [2][-]{subsection.179}{\376\377\0004\000.\0003\000.\0001\000\040\000F\000a\000s\000t\000\040\000F\000e\000e\000d\000b\000a\000c\000k\000\040\000a\000n\000d\000\040\000B\000e\000a\000m\000\040\000M\000o\000d\000u\000l\000a\000t\000i\000o\000n}{section.166}% 42
\BOOKMARK [0][-]{chapter.191}{\376\377\0005\000\040\000R\000e\000s\000o\000l\000v\000i\000n\000g\000\040\000I\000s\000s\000u\000e\000s\000\040\000i\000n\000\040\000t\000h\000e\000\040\000B\000e\000a\000m\000\040\000M\000o\000d\000u\000l\000a\000t\000i\000o\000n\000\040\000A\000n\000a\000l\000y\000s\000i\000s}{}% 43
\BOOKMARK [1][-]{section.192}{\376\377\0005\000.\0001\000\040\000V\000a\000l\000i\000d\000a\000t\000i\000n\000g\000\040\000t\000h\000e\000\040\000M\000o\000d\000u\000l\000a\000t\000i\000o\000n\000\040\000A\000n\000a\000l\000y\000s\000i\000s}{chapter.191}% 44
\BOOKMARK [2][-]{subsection.194}{\376\377\0005\000.\0001\000.\0001\000\040\000D\000e\000b\000u\000g\000g\000i\000n\000g\000\040\000t\000h\000e\000\040\000A\000n\000a\000l\000y\000s\000i\000s\000\040\000P\000r\000o\000c\000e\000d\000u\000r\000e}{section.192}% 45
\BOOKMARK [2][-]{subsection.198}{\376\377\0005\000.\0001\000.\0002\000\040\000I\000n\000c\000o\000n\000s\000i\000s\000t\000e\000n\000c\000y\000\040\000A\000r\000i\000s\000i\000n\000g\000\040\000f\000r\000o\000m\000\040\000R\000e\000d\000u\000n\000d\000a\000n\000c\000y}{section.192}% 46
\BOOKMARK [3][-]{subsubsection.199}{\376\377\0005\000.\0001\000.\0002\000.\0001\000\040\000R\000e\000s\000i\000d\000u\000a\000l\000\040\000S\000e\000n\000s\000i\000t\000i\000v\000i\000t\000y\000\040\000t\000o\000\040\000M\000o\000d\000u\000l\000a\000t\000i\000o\000n}{subsection.198}% 47
\BOOKMARK [3][-]{subsubsection.210}{\376\377\0005\000.\0001\000.\0002\000.\0002\000\040\000D\000i\000f\000f\000e\000r\000e\000n\000c\000e\000s\000\040\000i\000n\000\040\000P\000r\000e\000s\000c\000r\000i\000b\000e\000d\000\040\000C\000o\000r\000r\000e\000c\000t\000i\000o\000n\000s}{subsection.198}% 48
\BOOKMARK [2][-]{subsection.223}{\376\377\0005\000.\0001\000.\0003\000\040\000L\000o\000n\000g\000\040\000T\000i\000m\000e\000s\000c\000a\000l\000e\000\040\000D\000e\000t\000e\000c\000t\000o\000r\000\040\000t\000o\000\040\000M\000o\000n\000i\000t\000o\000r\000\040\000S\000e\000n\000s\000i\000t\000i\000v\000i\000t\000y}{section.192}% 49
\BOOKMARK [2][-]{subsection.234}{\376\377\0005\000.\0001\000.\0004\000\040\000S\000i\000g\000n\000a\000t\000u\000r\000e\000\040\000o\000f\000\040\000t\000h\000e\000\040\000I\000n\000c\000o\000n\000s\000i\000s\000t\000e\000n\000c\000y}{section.192}% 50
\BOOKMARK [1][-]{section.240}{\376\377\0005\000.\0002\000\040\000D\000e\000t\000e\000r\000m\000i\000n\000i\000n\000g\000\040\000a\000\040\000B\000e\000a\000m\000\040\000M\000o\000d\000u\000l\000a\000t\000i\000o\000n\000\040\000C\000o\000r\000r\000e\000c\000t\000i\000o\000n\000\040\000a\000n\000d\000\040\000E\000r\000r\000o\000r}{chapter.191}% 51
\BOOKMARK [0][-]{chapter.245}{\376\377\0006\000\040\000C\000o\000m\000p\000t\000o\000n\000\040\000P\000h\000o\000t\000o\000n\000\040\000T\000a\000r\000g\000e\000t}{}% 52
\BOOKMARK [1][-]{section.249}{\376\377\0006\000.\0001\000\040\000T\000h\000e\000\040\000F\000a\000b\000r\000y\000-\000P\000e\000r\000o\000t\000\040\000O\000p\000t\000i\000c\000a\000l\000\040\000C\000a\000v\000i\000t\000y}{chapter.245}% 53
\BOOKMARK [1][-]{section.269}{\376\377\0006\000.\0002\000\040\000L\000a\000s\000e\000r\000\040\000P\000o\000l\000a\000r\000i\000z\000a\000t\000i\000o\000n}{chapter.245}% 54
\BOOKMARK [2][-]{subsection.270}{\376\377\0006\000.\0002\000.\0001\000\040\000M\000e\000t\000h\000o\000d\000o\000l\000o\000g\000y\000\040\000a\000n\000d\000\040\000T\000h\000e\000o\000r\000y}{section.269}% 55
\BOOKMARK [2][-]{subsection.289}{\376\377\0006\000.\0002\000.\0002\000\040\000D\000e\000t\000e\000r\000m\000i\000n\000a\000t\000i\000o\000n\000\040\000o\000f\000\040\000P\000o\000l\000a\000r\000i\000z\000a\000t\000i\000o\000n\000\040\000a\000n\000d\000\040\000E\000r\000r\000o\000r}{section.269}% 56
\BOOKMARK [3][-]{subsubsection.290}{\376\377\0006\000.\0002\000.\0002\000.\0001\000\040\000M\000e\000t\000h\000o\000d\000o\000l\000o\000g\000y}{subsection.289}% 57
\BOOKMARK [3][-]{subsubsection.297}{\376\377\0006\000.\0002\000.\0002\000.\0002\000\040\000P\000o\000t\000e\000n\000t\000i\000a\000l\000\040\000S\000y\000s\000t\000e\000m\000a\000t\000i\000c\000\040\000E\000r\000r\000o\000r\000s}{subsection.289}% 58
\BOOKMARK [3][-]{subsubsection.308}{\376\377\0006\000.\0002\000.\0002\000.\0003\000\040\000L\000e\000s\000s\000o\000n\000s\000\040\000f\000r\000o\000m\000\040\000P\000e\000r\000i\000o\000d\000s\000\040\000o\000f\000\040\000H\000i\000g\000h\000\040\000P\000o\000l\000a\000r\000i\000z\000a\000t\000i\000o\000n\000\040\000S\000i\000g\000n\000a\000l}{subsection.289}% 59
\BOOKMARK [0][-]{chapter.311}{\376\377\0007\000\040\000E\000x\000t\000r\000a\000c\000t\000i\000n\000g\000\040\000t\000h\000e\000\040\000W\000e\000a\000k\000\040\000C\000h\000a\000r\000g\000e\000\040\000o\000f\000\040\000t\000h\000e\000\040\000P\000r\000o\000t\000o\000n}{}% 60
\BOOKMARK [1][-]{section.312}{\376\377\0007\000.\0001\000\040\000E\000x\000t\000r\000a\000c\000t\000i\000n\000g\000\040\000t\000h\000e\000\040\000P\000a\000r\000i\000t\000y\000-\000V\000i\000o\000l\000a\000t\000i\000n\000g\000\040\000A\000s\000y\000m\000m\000e\000t\000r\000y}{chapter.311}% 61
\BOOKMARK [2][-]{subsection.315}{\376\377\0007\000.\0001\000.\0001\000\040\000B\000i\000a\000s\000\040\000C\000o\000r\000r\000e\000c\000t\000i\000o\000n\000s}{section.312}% 62
\BOOKMARK [2][-]{subsection.316}{\376\377\0007\000.\0001\000.\0002\000\040\000B\000a\000c\000k\000g\000r\000o\000u\000n\000d\000\040\000C\000o\000r\000r\000e\000c\000t\000i\000o\000n\000s}{section.312}% 63
\BOOKMARK [2][-]{subsection.318}{\376\377\0007\000.\0001\000.\0003\000\040\000M\000e\000a\000s\000u\000r\000e\000d\000\040\000A\000s\000y\000m\000m\000e\000t\000r\000y}{section.312}% 64
\BOOKMARK [2][-]{subsection.324}{\376\377\0007\000.\0001\000.\0004\000\040\000P\000o\000l\000a\000r\000i\000z\000a\000t\000i\000o\000n}{section.312}% 65
\BOOKMARK [2][-]{subsection.326}{\376\377\0007\000.\0001\000.\0005\000\040\000T\000h\000e\000\040\000P\000a\000r\000i\000t\000y\000-\000V\000i\000o\000l\000a\000t\000i\000n\000g\000\040\000A\000s\000y\000m\000m\000e\000t\000r\000y}{section.312}% 66
\BOOKMARK [1][-]{section.330}{\376\377\0007\000.\0002\000\040\000F\000r\000o\000m\000\040\000P\000a\000r\000i\000t\000y\000-\000V\000i\000o\000l\000a\000t\000i\000n\000g\000\040\000A\000s\000y\000m\000m\000e\000t\000r\000y\000\040\000t\000o\000\040\000W\000e\000a\000k\000\040\000C\000h\000a\000r\000g\000e}{chapter.311}% 67
\BOOKMARK [0][-]{chapter.351}{\376\377\0008\000\040\000C\000o\000n\000c\000l\000u\000d\000i\000n\000g\000\040\000D\000i\000s\000c\000u\000s\000s\000i\000o\000n}{}% 68
\BOOKMARK [0][-]{appendix.352}{\376\377\000A\000\040\000M\000a\000x\000i\000m\000u\000m\000\040\000L\000i\000k\000e\000l\000i\000h\000o\000o\000d\000\040\000a\000n\000d\000\040\000t\000h\000e\000\040\0002\000\040\000S\000t\000a\000t\000i\000s\000t\000i\000c}{}% 69
\BOOKMARK [0][-]{appendix.357}{\376\377\000B\000\040\000M\000o\000n\000i\000t\000o\000r\000\040\000D\000i\000f\000f\000e\000r\000e\000n\000c\000e\000s\000\040\000f\000o\000r\000\040\000Q\000w\000e\000a\000k\000\040}{}% 70
\BOOKMARK [0][-]{appendix.366}{\376\377\000C\000\040\000E\000f\000f\000e\000c\000t\000\040\000o\000f\000\040\000F\000F\000B\000\040\000S\000t\000a\000b\000i\000l\000i\000t\000y\000\040\000o\000n\000\040\000M\000o\000d\000u\000l\000a\000t\000i\000o\000n\000\040\000A\000n\000a\000l\000y\000s\000i\000s}{}% 71
\BOOKMARK [0][-]{appendix.385}{\376\377\000D\000\040\000M\000a\000i\000n\000\040\000D\000e\000t\000e\000c\000t\000o\000r\000\040\000M\000o\000n\000o\000p\000o\000l\000e\000\040\000a\000n\000d\000\040\000D\000i\000p\000o\000l\000e\000\040\000R\000e\000s\000p\000o\000n\000s\000e\000s}{}% 72
\BOOKMARK [0][-]{appendix.400}{\376\377\000E\000\040\000Q\000w\000e\000a\000k\000\040\000T\000e\000r\000m\000i\000n\000o\000l\000o\000g\000y}{}% 73
\BOOKMARK [0][-]{dummy.401}{\376\377\000B\000i\000b\000l\000i\000o\000g\000r\000a\000p\000h\000y}{}% 74
